2023-06-02 14:37:37,497 :INFO : test_001 :Test Case 001
2023-06-02 14:37:37,497 :INFO : test_001 :Test case starting
2023-06-02 14:37:37,610 :INFO : test_001 :entered passsword
2023-06-02 14:37:37,782 :INFO : test_001 :click login
2023-06-02 14:38:16,598 :INFO : test_001 :Test Case 001
2023-06-02 14:38:16,598 :INFO : test_001 :Test case starting
2023-06-02 14:38:16,702 :INFO : test_001 :entered passsword
2023-06-02 14:38:21,891 :INFO : test_001 :click login
2023-06-02 14:40:06,867 :INFO : test_001 :Test Case 001
2023-06-02 14:40:06,867 :INFO : test_001 :Test case starting
2023-06-02 14:40:06,958 :INFO : test_001 :entered passsword
2023-06-02 14:40:12,158 :INFO : test_001 :click login
2023-06-02 15:01:51,837 :INFO : test_001 :Test Case 001
2023-06-02 15:01:51,838 :INFO : test_001 :Test case starting
2023-06-02 15:01:51,927 :INFO : test_001 :entered passsword
2023-06-02 15:01:57,123 :INFO : test_001 :Test case Pass
2023-06-02 15:08:49,545 :INFO : test_001 :Test Case 001
2023-06-02 15:08:49,545 :INFO : test_001 :Test case starting
2023-06-02 15:08:49,651 :INFO : test_001 :entered passsword
2023-06-02 15:08:54,846 :INFO : test_001 :Test case Pass
2023-06-02 15:08:59,119 :INFO : test_002 :Test Case 002
2023-06-02 15:09:04,385 :INFO : test_002 :Test case Pass
2023-06-02 15:09:08,601 :INFO : test_003 :Test Case 003
2023-06-02 15:09:10,866 :INFO : test_003 :Test case Pass
2023-06-02 15:09:15,240 :INFO : test_004 :Test Case 004
2023-06-02 15:09:17,492 :INFO : test_004 :Test case Pass
2023-06-02 16:29:27,868 :INFO : test_005 :Test case Pass
2023-06-02 16:29:32,290 :INFO : test_006 :Test Case 006
2023-06-02 16:29:36,708 :INFO : test_006 :Test case Pass
2023-06-02 16:29:41,026 :INFO : test_007 :Test Case 007
2023-06-02 16:29:45,495 :INFO : test_007 :Test case Pass
2023-06-02 16:29:49,797 :INFO : test_008 :Test Case 008
2023-06-02 16:30:01,274 :INFO : test_008 :Test case Pass
2023-06-02 16:30:05,559 :INFO : test_009 :Test Case 009
2023-06-02 16:30:17,094 :INFO : test_009 :Test case Pass
2023-06-02 17:54:07,251 :INFO : test_008 :Test Case 008
2023-06-02 17:54:19,110 :INFO : test_008 :Test case Pass
2023-06-02 17:54:25,040 :INFO : test_009 :Test Case 009
2023-06-02 17:54:39,259 :INFO : test_009 :Test case Pass
2023-06-02 17:54:45,111 :INFO : test_010 :Test Case 010
2023-06-02 17:55:06,388 :INFO : test_010 :Test case Pass
2023-06-02 17:55:11,681 :INFO : test_011 :Test Case 011
2023-06-02 17:55:38,931 :CRITICAL : test_011 :Test Case Failed
2023-06-02 17:55:44,296 :INFO : test_012 :Test Case 012
2023-06-02 17:56:11,459 :CRITICAL : test_012 :Test Case Failed
2023-06-02 17:56:17,123 :INFO : test_013 :Test Case 013
2023-06-02 17:56:44,305 :CRITICAL : test_013 :Test Case Failed
2023-06-02 17:56:49,754 :INFO : test_014 :Test Case 014
2023-06-02 17:57:16,996 :CRITICAL : test_014 :Test Case Failed
2023-06-02 17:57:22,496 :INFO : test_015 :Test Case 015
2023-06-02 17:57:49,687 :INFO : test_015 :Test case Pass
2023-06-02 17:57:56,051 :INFO : test_016 :Test Case 016
2023-06-02 17:58:18,294 :CRITICAL : test_016 :Test Case Failed
2023-06-02 17:58:24,334 :INFO : test_017 :Test Case 017
2023-06-02 17:58:51,559 :CRITICAL : test_017 :Test Case Failed
2023-06-02 17:58:57,310 :INFO : test_018 :Test Case 018
2023-06-02 17:59:09,185 :INFO : test_018 :Test case Pass
2023-06-02 17:59:14,928 :INFO : test_019 :Test Case 019
2023-06-02 17:59:51,323 :INFO : test_019 :Test case Pass
2023-06-02 17:59:56,640 :INFO : test_020 :Test Case 020
2023-06-02 18:00:27,033 :INFO : test_005 :Test case Pass
2023-06-02 18:00:32,507 :INFO : test_006 :Test Case 006
2023-06-02 18:00:37,227 :INFO : test_006 :Test case Pass
2023-06-02 18:00:44,765 :INFO : test_007 :Test Case 007
2023-06-02 18:00:49,509 :INFO : test_007 :Test case Pass
2023-06-02 18:00:56,981 :INFO : test_008 :Test Case 008
2023-06-02 18:00:56,981 :INFO : test_008 :Test Case 008
2023-06-02 18:01:08,705 :INFO : test_008 :Test case Pass
2023-06-02 18:01:08,705 :INFO : test_008 :Test case Pass
2023-06-02 18:01:14,143 :INFO : test_009 :Test Case 009
2023-06-02 18:01:14,143 :INFO : test_009 :Test Case 009
2023-06-02 18:01:25,963 :INFO : test_009 :Test case Pass
2023-06-02 18:01:25,963 :INFO : test_009 :Test case Pass
2023-06-02 18:01:31,140 :INFO : test_001 :Test Case 001
2023-06-02 18:01:31,140 :INFO : test_001 :Test case starting
2023-06-02 18:01:31,294 :INFO : test_001 :entered passsword
2023-06-02 18:01:36,612 :INFO : test_001 :Test case Pass
2023-06-02 18:01:42,119 :INFO : test_002 :Test Case 002
2023-06-02 18:01:47,544 :INFO : test_002 :Test case Pass
2023-06-02 18:01:53,010 :INFO : test_003 :Test Case 003
2023-06-02 18:01:55,476 :INFO : test_003 :Test case Pass
2023-06-02 18:02:00,848 :INFO : test_004 :Test Case 004
2023-06-02 18:02:03,314 :INFO : test_004 :Test case Pass
2023-06-02 18:08:18,491 :INFO : test_008 :Test Case 008
2023-06-02 18:08:30,265 :INFO : test_008 :Test case Pass
2023-06-02 18:08:36,279 :INFO : test_009 :Test Case 009
2023-06-02 18:08:50,502 :INFO : test_009 :Test case Pass
2023-06-02 18:08:56,251 :INFO : test_010 :Test Case 010
2023-06-02 18:09:17,425 :INFO : test_010 :Test case Pass
2023-06-02 18:09:22,739 :INFO : test_011 :Test Case 011
2023-06-02 18:09:50,028 :INFO : test_011 :Test case Pass
2023-06-02 18:09:55,743 :INFO : test_012 :Test Case 012
2023-06-02 18:10:22,949 :INFO : test_012 :Test case Pass
2023-06-02 18:10:28,743 :INFO : test_013 :Test Case 013
2023-06-02 18:10:55,881 :INFO : test_013 :Test case Pass
2023-06-02 18:11:01,044 :INFO : test_014 :Test Case 014
2023-06-02 18:11:28,288 :INFO : test_014 :Test case Pass
2023-06-02 18:11:33,645 :INFO : test_015 :Test Case 015
2023-06-02 18:12:00,827 :INFO : test_015 :Test case Pass
2023-06-02 18:12:07,010 :INFO : test_016 :Test Case 016
2023-06-02 18:12:29,251 :INFO : test_016 :Test case Pass
2023-06-02 18:13:16,601 :INFO : test_017 :Test Case 017
2023-06-02 18:13:29,642 :INFO : test_018 :Test Case 018
